#
# An unexpected error has been detected by Java Runtime Environment:
#
#  Internal Error (434C41535326494C453041525345520E4350500132), pid=6400, tid=8524
#
# Java VM: Java HotSpot(TM) Client VM (1.6.0-b105 mixed mode, sharing)
# If you would like to submit a bug report, please visit:
#   http://java.sun.com/webapps/bugreport/crash.jsp
#

---------------  T H R E A D  ---------------

Current thread (0x04e5f400):  JavaThread "AWT-EventQueue-0" [_thread_in_vm, id=8524]

Stack: [0x05b30000,0x05b80000)
[error occurred during error reporting, step 110, id 0xc0000005]

Java frames: (J=compiled Java code, j=interpreted, Vv=VM code)
j  javax.swing.plaf.synth.SynthLookAndFeel.load(Ljava/io/InputStream;Ljava/lang/Class;)V+32
j  de.javasoft.plaf.synthetica.SyntheticaLookAndFeel.<init>(Ljava/lang/String;)V+21
j  de.javasoft.plaf.synthetica.SyntheticaBlueSteelLookAndFeel.<init>()V+3
j  pegasus.View.Dashboard$38.run()V+4
j  java.awt.event.InvocationEvent.dispatch()V+47
j  java.awt.EventQueue.dispatchEvent(Ljava/awt/AWTEvent;)V+26
j  java.awt.EventDispatchThread.pumpOneEventForFilters(I)Z+156
j  java.awt.EventDispatchThread.pumpEventsForFilter(ILjava/awt/Conditional;Ljava/awt/EventFilter;)V+30
j  java.awt.EventDispatchThread.pumpEventsForHierarchy(ILjava/awt/Conditional;Ljava/awt/Component;)V+11
j  java.awt.EventDispatchThread.pumpEvents(ILjava/awt/Conditional;)V+4
j  java.awt.EventDispatchThread.pumpEvents(Ljava/awt/Conditional;)V+3
j  java.awt.EventDispatchThread.run()V+9
v  ~StubRoutines::call_stub

---------------  P R O C E S S  ---------------

Java Threads: ( => current thread )
  0x00039c00 JavaThread "DestroyJavaVM" [_thread_blocked, id=10024]
=>0x04e5f400 JavaThread "AWT-EventQueue-0" [_thread_in_vm, id=8524]
  0x04e4c400 JavaThread "AWT-Windows" daemon [_thread_in_native, id=5340]
  0x04e4bc00 JavaThread "AWT-Shutdown" [_thread_blocked, id=9008]
  0x04e4b800 JavaThread "Java2D Disposer" daemon [_thread_blocked, id=8640]
  0x043aa000 JavaThread "Low Memory Detector" daemon [_thread_blocked, id=476]
  0x043a9800 JavaThread "CompilerThread0" daemon [_thread_blocked, id=8936]
  0x043a8400 JavaThread "Attach Listener" daemon [_thread_blocked, id=5640]
  0x043a7c00 JavaThread "Signal Dispatcher" daemon [_thread_blocked, id=5436]
  0x04368400 JavaThread "Finalizer" daemon [_thread_blocked, id=1540]
  0x04363c00 JavaThread "Reference Handler" daemon [_thread_blocked, id=480]

Other Threads:
  0x0435a800 VMThread [id=5552]
  0x043b4000 WatcherThread [id=6692]

VM state:not at safepoint (normal execution)

VM Mutex/Monitor currently owned by a thread: None

Heap
 def new generation   total 960K, used 305K [0x245a0000, 0x246a0000, 0x24a80000)
  eden space 896K,  26% used [0x245a0000, 0x245dc4a8, 0x24680000)
  from space 64K, 100% used [0x24680000, 0x24690000, 0x24690000)
  to   space 64K,   0% used [0x24690000, 0x24690000, 0x246a0000)
 tenured generation   total 4096K, used 466K [0x24a80000, 0x24e80000, 0x285a0000)
   the space 4096K,  11% used [0x24a80000, 0x24af4900, 0x24af4a00, 0x24e80000)
 compacting perm gen  total 12288K, used 350K [0x285a0000, 0x291a0000, 0x2c5a0000)
   the space 12288K,   2% used [0x285a0000, 0x285f7a68, 0x285f7c00, 0x291a0000)
    ro space 8192K,  66% used [0x2c5a0000, 0x2cae9920, 0x2cae9a00, 0x2cda0000)
    rw space 12288K,  52% used [0x2cda0000, 0x2d3e6130, 0x2d3e6200, 0x2d9a0000)

Dynamic libraries:
0x00400000 - 0x00423000 	C:\Program Files (x86)\Java\jdk1.6.0\bin\java.exe
0x76ea0000 - 0x77023000 	C:\WINDOWS\SYSTEM32\ntdll.dll
0x73d00000 - 0x73de0000 	C:\WINDOWS\System32\KERNEL32.DLL
0x74930000 - 0x74ad1000 	C:\WINDOWS\System32\KERNELBASE.dll
0x71090000 - 0x71122000 	C:\WINDOWS\system32\apphelp.dll
0x76c00000 - 0x76c77000 	C:\WINDOWS\System32\ADVAPI32.dll
0x73a20000 - 0x73ade000 	C:\WINDOWS\System32\msvcrt.dll
0x76dc0000 - 0x76e01000 	C:\WINDOWS\System32\sechost.dll
0x74220000 - 0x742e1000 	C:\WINDOWS\System32\RPCRT4.dll
0x73960000 - 0x7397e000 	C:\WINDOWS\System32\SspiCli.dll
0x73950000 - 0x7395a000 	C:\WINDOWS\System32\CRYPTBASE.dll
0x74060000 - 0x740ba000 	C:\WINDOWS\System32\bcryptPrimitives.dll
0x7c340000 - 0x7c396000 	C:\Program Files (x86)\Java\jdk1.6.0\jre\bin\msvcr71.dll
0x6d7c0000 - 0x6da07000 	C:\Program Files (x86)\Java\jdk1.6.0\jre\bin\client\jvm.dll
0x76aa0000 - 0x76bff000 	C:\WINDOWS\System32\USER32.dll
0x76e10000 - 0x76e25000 	C:\WINDOWS\System32\win32u.dll
0x75fd0000 - 0x75ffb000 	C:\WINDOWS\System32\GDI32.dll
0x740c0000 - 0x7421b000 	C:\WINDOWS\System32\gdi32full.dll
0x73580000 - 0x735a4000 	C:\WINDOWS\SYSTEM32\WINMM.dll
0x73530000 - 0x73553000 	C:\WINDOWS\SYSTEM32\WINMMBASE.dll
0x767d0000 - 0x76806000 	C:\WINDOWS\System32\cfgmgr32.dll
0x76810000 - 0x76835000 	C:\WINDOWS\System32\IMM32.DLL
0x6d310000 - 0x6d318000 	C:\Program Files (x86)\Java\jdk1.6.0\jre\bin\hpi.dll
0x73a10000 - 0x73a16000 	C:\WINDOWS\System32\PSAPI.DLL
0x6d770000 - 0x6d77c000 	C:\Program Files (x86)\Java\jdk1.6.0\jre\bin\verify.dll
0x6d3b0000 - 0x6d3cf000 	C:\Program Files (x86)\Java\jdk1.6.0\jre\bin\java.dll
0x6d7b0000 - 0x6d7bf000 	C:\Program Files (x86)\Java\jdk1.6.0\jre\bin\zip.dll
0x6d000000 - 0x6d1c3000 	C:\Program Files (x86)\Java\jdk1.6.0\jre\bin\awt.dll
0x747e0000 - 0x748ca000 	C:\WINDOWS\System32\ole32.dll
0x73de0000 - 0x73ff1000 	C:\WINDOWS\System32\combase.dll
0x74700000 - 0x747e0000 	C:\WINDOWS\System32\ucrtbase.dll
0x73620000 - 0x7368a000 	C:\WINDOWS\SYSTEM32\WINSPOOL.DRV
0x735e0000 - 0x735fb000 	C:\WINDOWS\SYSTEM32\bcrypt.dll
0x70710000 - 0x70974000 	C:\WINDOWS\AppPatch\AcGenral.DLL
0x75ee0000 - 0x75f26000 	C:\WINDOWS\System32\SHLWAPI.dll
0x73af0000 - 0x73b84000 	C:\WINDOWS\System32\OLEAUT32.dll
0x76050000 - 0x760cb000 	C:\WINDOWS\System32\msvcp_win.dll
0x74b00000 - 0x75ed9000 	C:\WINDOWS\System32\SHELL32.dll
0x760e0000 - 0x7664e000 	C:\WINDOWS\System32\windows.storage.dll
0x76000000 - 0x76045000 	C:\WINDOWS\System32\powrprof.dll
0x73ae0000 - 0x73aed000 	C:\WINDOWS\System32\kernel.appcore.dll
0x768a0000 - 0x76928000 	C:\WINDOWS\System32\shcore.dll
0x74920000 - 0x7492f000 	C:\WINDOWS\System32\profapi.dll
0x6fbb0000 - 0x6fc25000 	C:\WINDOWS\SYSTEM32\UxTheme.dll
0x72ed0000 - 0x72ee5000 	C:\WINDOWS\SYSTEM32\samcli.dll
0x71400000 - 0x71418000 	C:\WINDOWS\SYSTEM32\MSACM32.dll
0x73940000 - 0x73948000 	C:\WINDOWS\SYSTEM32\VERSION.dll
0x6fc60000 - 0x6fc7f000 	C:\WINDOWS\SYSTEM32\dwmapi.dll
0x735b0000 - 0x735ca000 	C:\WINDOWS\SYSTEM32\USERENV.dll
0x6e9a0000 - 0x6eb34000 	C:\WINDOWS\SYSTEM32\urlmon.dll
0x73910000 - 0x73926000 	C:\WINDOWS\SYSTEM32\MPR.dll
0x71770000 - 0x71999000 	C:\WINDOWS\SYSTEM32\iertutil.dll
0x76c80000 - 0x76db5000 	C:\WINDOWS\System32\MSCTF.dll
0x6d2b0000 - 0x6d303000 	C:\Program Files (x86)\Java\jdk1.6.0\jre\bin\fontmanager.dll

VM Arguments:
jvm_args: -Dfile.encoding=UTF-8
java_command: pegasus.View.Dashboard
Launcher Type: SUN_STANDARD

Environment Variables:
PATH=C:\ProgramData\Oracle\Java\javapath;C:\Program Files (x86)\Intel\iCLS Client\;C:\Program Files\Intel\iCLS Client\;C:\WINDOWS\system32;C:\WINDOWS;C:\WINDOWS\System32\Wbem;C:\WINDOWS\System32\WindowsPowerShell\v1.0\;C:\Program Files (x86)\Intel\Intel(R) Management Engine Components\DAL;C:\Program Files\Intel\Intel(R) Management Engine Components\DAL;C:\Program Files (x86)\Intel\Intel(R) Management Engine Components\IPT;C:\Program Files\Intel\Intel(R) Management Engine Components\IPT;C:\Program Files (x86)\NVIDIA Corporation\PhysX\Common;C:\Users\Chamil123\AppData\Local\Microsoft\WindowsApps;;C:\Users\Chamil123\AppData\Roaming\Dashlane\4.6.5.21982\bin\Firefox_Extension\{442718d9-475e-452a-b3e1-fb1ee16b8e9f}\components
USERNAME=Chamil123
OS=Windows_NT
PROCESSOR_IDENTIFIER=Intel64 Family 6 Model 78 Stepping 3, GenuineIntel



---------------  S Y S T E M  ---------------

OS: Windows NT 6.2 Build 9200 

CPU:total 4 family 6, cmov, cx8, fxsr, mmx, sse, sse2

Memory: 4k page, physical 2097151k(2097151k free), swap 4194303k(4194303k free)

vm_info: Java HotSpot(TM) Client VM (1.6.0-b105) for windows-x86, built on Nov 29 2006 00:48:48 by "java_re" with unknown MS VC++:1310

